Starting experiments on 4 warehouse maps...

Map: warehouse-20-40-10-2-1.map
  - Map Size: 321x123
  - Free Cells: 22599
  - Occupied Cells: 16884
Processed 100 agents... Elapsed time: 13,87 seconds
Processed 200 agents... Elapsed time: 28,51 seconds
Processed 300 agents... Elapsed time: 43,22 seconds
Processed 400 agents... Elapsed time: 58,17 seconds
Processed 500 agents... Elapsed time: 73,10 seconds
Processed 600 agents... Elapsed time: 87,99 seconds
Processed 700 agents... Elapsed time: 102,48 seconds
Processed 800 agents... Elapsed time: 116,76 seconds
Processed 900 agents... Elapsed time: 130,91 seconds
Processed 1000 agents... Elapsed time: 144,90 seconds
Processed 1100 agents... Elapsed time: 158,62 seconds
Processed 1200 agents... Elapsed time: 172,33 seconds
Processed 1300 agents... Elapsed time: 186,14 seconds
Processed 1400 agents... Elapsed time: 199,92 seconds
Processed 1500 agents... Elapsed time: 213,68 seconds
Processed 1600 agents... Elapsed time: 227,50 seconds
Processed 1700 agents... Elapsed time: 241,60 seconds
Processed 1800 agents... Elapsed time: 255,69 seconds
Processed 1900 agents... Elapsed time: 269,60 seconds
Processed 2000 agents... Elapsed time: 283,43 seconds
Processed 2100 agents... Elapsed time: 297,09 seconds
Processed 2200 agents... Elapsed time: 310,98 seconds
Processed 2300 agents... Elapsed time: 324,50 seconds
Processed 2400 agents... Elapsed time: 338,36 seconds
Processed 2500 agents... Elapsed time: 352,18 seconds
Processed 2600 agents... Elapsed time: 365,99 seconds
Processed 2700 agents... Elapsed time: 379,72 seconds
Processed 2800 agents... Elapsed time: 393,74 seconds
Processed 2900 agents... Elapsed time: 407,75 seconds
Processed 3000 agents... Elapsed time: 421,64 seconds
Processed 3100 agents... Elapsed time: 435,71 seconds
Processed 3200 agents... Elapsed time: 449,67 seconds
Processed 3300 agents... Elapsed time: 463,63 seconds
Processed 3400 agents... Elapsed time: 477,70 seconds
Processed 3500 agents... Elapsed time: 491,62 seconds
Processed 3600 agents... Elapsed time: 505,63 seconds
Processed 3700 agents... Elapsed time: 519,63 seconds
Processed 3800 agents... Elapsed time: 533,68 seconds
Processed 3900 agents... Elapsed time: 547,73 seconds
Processed 4000 agents... Elapsed time: 561,94 seconds
Processed 4100 agents... Elapsed time: 576,14 seconds
Processed 4200 agents... Elapsed time: 590,38 seconds
Processed 4300 agents... Elapsed time: 604,41 seconds
Processed 4400 agents... Elapsed time: 618,42 seconds
Processed 4500 agents... Elapsed time: 632,57 seconds
Processed 4600 agents... Elapsed time: 646,79 seconds
Processed 4700 agents... Elapsed time: 660,99 seconds
Processed 4800 agents... Elapsed time: 675,42 seconds
Processed 4900 agents... Elapsed time: 690,12 seconds
Processed 5000 agents... Elapsed time: 704,58 seconds
Processed 5100 agents... Elapsed time: 719,37 seconds
Processed 5200 agents... Elapsed time: 734,16 seconds
Processed 5300 agents... Elapsed time: 749,10 seconds
Processed 5400 agents... Elapsed time: 764,06 seconds
Processed 5500 agents... Elapsed time: 778,74 seconds
Processed 5600 agents... Elapsed time: 793,67 seconds
Processed 5700 agents... Elapsed time: 808,75 seconds
Processed 5800 agents... Elapsed time: 823,86 seconds
Processed 5900 agents... Elapsed time: 839,29 seconds
Processed 6000 agents... Elapsed time: 854,58 seconds
Processed 6100 agents... Elapsed time: 870,33 seconds
Processed 6200 agents... Elapsed time: 886,08 seconds
Processed 6300 agents... Elapsed time: 901,88 seconds
Processed 6400 agents... Elapsed time: 917,42 seconds
Processed 6500 agents... Elapsed time: 932,83 seconds
Processed 6600 agents... Elapsed time: 948,31 seconds
Processed 6700 agents... Elapsed time: 963,86 seconds
Processed 6800 agents... Elapsed time: 979,79 seconds
Processed 6900 agents... Elapsed time: 995,88 seconds
Processed 7000 agents... Elapsed time: 1012,46 seconds
Processed 7100 agents... Elapsed time: 1029,48 seconds
Processed 7200 agents... Elapsed time: 1046,09 seconds
Processed 7300 agents... Elapsed time: 1062,75 seconds
Processed 7400 agents... Elapsed time: 1079,57 seconds
Processed 7500 agents... Elapsed time: 1096,38 seconds
Processed 7600 agents... Elapsed time: 1113,10 seconds
Processed 7700 agents... Elapsed time: 1130,21 seconds
Processed 7800 agents... Elapsed time: 1146,97 seconds
Processed 7900 agents... Elapsed time: 1164,03 seconds
Processed 8000 agents... Elapsed time: 1181,16 seconds
Processed 8100 agents... Elapsed time: 1198,36 seconds
Processed 8200 agents... Elapsed time: 1215,58 seconds
Processed 8300 agents... Elapsed time: 1232,62 seconds
Processed 8400 agents... Elapsed time: 1249,76 seconds
Processed 8500 agents... Elapsed time: 1266,97 seconds
Processed 8600 agents... Elapsed time: 1284,44 seconds
Processed 8700 agents... Elapsed time: 1301,66 seconds
Processed 8800 agents... Elapsed time: 1319,34 seconds
Processed 8900 agents... Elapsed time: 1336,76 seconds
Processed 9000 agents... Elapsed time: 1354,24 seconds
Processed 9100 agents... Elapsed time: 1371,23 seconds
Processed 9200 agents... Elapsed time: 1388,45 seconds
Processed 9300 agents... Elapsed time: 1405,50 seconds
Processed 9400 agents... Elapsed time: 1422,46 seconds
Processed 9500 agents... Elapsed time: 1439,78 seconds
Processed 9600 agents... Elapsed time: 1456,62 seconds
Processed 9700 agents... Elapsed time: 1473,91 seconds
Processed 9800 agents... Elapsed time: 1491,02 seconds
Processed 9900 agents... Elapsed time: 1508,29 seconds
Processed 10000 agents... Elapsed time: 1525,19 seconds
Processed 10100 agents... Elapsed time: 1542,50 seconds
Processed 10200 agents... Elapsed time: 1559,61 seconds
Processed 10300 agents... Elapsed time: 1576,85 seconds
Processed 10400 agents... Elapsed time: 1593,94 seconds
Processed 10500 agents... Elapsed time: 1611,16 seconds
Processed 10600 agents... Elapsed time: 1628,18 seconds
Processed 10700 agents... Elapsed time: 1645,55 seconds
Processed 10800 agents... Elapsed time: 1662,72 seconds
Processed 10900 agents... Elapsed time: 1679,80 seconds
Processed 11000 agents... Elapsed time: 1696,93 seconds
Processed 11100 agents... Elapsed time: 1713,85 seconds
Processed 11200 agents... Elapsed time: 1731,08 seconds
Processed 11300 agents... Elapsed time: 1748,22 seconds
Processed 11400 agents... Elapsed time: 1764,87 seconds
Processed 11500 agents... Elapsed time: 1781,86 seconds
Processed 11600 agents... Elapsed time: 1798,90 seconds
Processed 11700 agents... Elapsed time: 1815,72 seconds
Processed 11800 agents... Elapsed time: 1832,57 seconds
Processed 11900 agents... Elapsed time: 1849,33 seconds
Processed 12000 agents... Elapsed time: 1866,09 seconds
Processed 12100 agents... Elapsed time: 1882,89 seconds
Processed 12200 agents... Elapsed time: 1899,15 seconds
Processed 12300 agents... Elapsed time: 1915,74 seconds
Processed 12400 agents... Elapsed time: 1931,81 seconds
Processed 12500 agents... Elapsed time: 1947,69 seconds
Processed 12600 agents... Elapsed time: 1963,34 seconds
Processed 12700 agents... Elapsed time: 1978,82 seconds
Processed 12800 agents... Elapsed time: 1993,79 seconds
Processed 12900 agents... Elapsed time: 2009,61 seconds
Processed 13000 agents... Elapsed time: 2025,21 seconds
Processed 13100 agents... Elapsed time: 2040,90 seconds
Processed 13200 agents... Elapsed time: 2056,81 seconds
Processed 13300 agents... Elapsed time: 2071,95 seconds
Processed 13400 agents... Elapsed time: 2087,46 seconds
Processed 13500 agents... Elapsed time: 2102,92 seconds
Processed 13600 agents... Elapsed time: 2118,41 seconds
Processed 13700 agents... Elapsed time: 2133,60 seconds
Processed 13800 agents... Elapsed time: 2148,42 seconds
Processed 13900 agents... Elapsed time: 2163,30 seconds
Processed 14000 agents... Elapsed time: 2177,69 seconds
Processed 14100 agents... Elapsed time: 2192,16 seconds
Processed 14200 agents... Elapsed time: 2206,64 seconds
Processed 14300 agents... Elapsed time: 2221,14 seconds
Processed 14400 agents... Elapsed time: 2235,79 seconds
Processed 14500 agents... Elapsed time: 2249,77 seconds
Processed 14600 agents... Elapsed time: 2264,62 seconds
Processed 14700 agents... Elapsed time: 2279,10 seconds
Processed 14800 agents... Elapsed time: 2292,92 seconds
Processed 14900 agents... Elapsed time: 2306,80 seconds
Processed 15000 agents... Elapsed time: 2320,55 seconds
Processed 15100 agents... Elapsed time: 2334,27 seconds
Processed 15200 agents... Elapsed time: 2347,50 seconds
Processed 15300 agents... Elapsed time: 2360,61 seconds
Processed 15400 agents... Elapsed time: 2374,18 seconds
Processed 15500 agents... Elapsed time: 2387,14 seconds
Processed 15600 agents... Elapsed time: 2400,22 seconds
Processed 15700 agents... Elapsed time: 2412,77 seconds
Processed 15800 agents... Elapsed time: 2425,97 seconds
Processed 15900 agents... Elapsed time: 2438,28 seconds
Processed 16000 agents... Elapsed time: 2450,92 seconds
Processed 16100 agents... Elapsed time: 2463,28 seconds
Processed 16200 agents... Elapsed time: 2475,67 seconds
Processed 16300 agents... Elapsed time: 2487,70 seconds
Processed 16400 agents... Elapsed time: 2499,71 seconds
Processed 16500 agents... Elapsed time: 2511,30 seconds
Processed 16600 agents... Elapsed time: 2522,80 seconds
Processed 16700 agents... Elapsed time: 2534,65 seconds
Processed 16800 agents... Elapsed time: 2545,77 seconds
Processed 16900 agents... Elapsed time: 2557,00 seconds
Processed 17000 agents... Elapsed time: 2567,84 seconds
Processed 17100 agents... Elapsed time: 2578,38 seconds
Processed 17200 agents... Elapsed time: 2589,26 seconds
Processed 17300 agents... Elapsed time: 2599,03 seconds
Processed 17400 agents... Elapsed time: 2609,28 seconds
Processed 17500 agents... Elapsed time: 2619,35 seconds
Processed 17600 agents... Elapsed time: 2629,28 seconds
Processed 17700 agents... Elapsed time: 2638,78 seconds
Processed 17800 agents... Elapsed time: 2648,53 seconds
Processed 17900 agents... Elapsed time: 2657,87 seconds
Processed 18000 agents... Elapsed time: 2667,41 seconds
Processed 18100 agents... Elapsed time: 2676,55 seconds
Processed 18200 agents... Elapsed time: 2684,96 seconds
Processed 18300 agents... Elapsed time: 2694,26 seconds
Processed 18400 agents... Elapsed time: 2703,25 seconds
Processed 18500 agents... Elapsed time: 2711,79 seconds
Processed 18600 agents... Elapsed time: 2719,36 seconds
Processed 18700 agents... Elapsed time: 2727,26 seconds
Processed 18800 agents... Elapsed time: 2734,82 seconds
Processed 18900 agents... Elapsed time: 2742,10 seconds
Processed 19000 agents... Elapsed time: 2749,58 seconds
Processed 19100 agents... Elapsed time: 2757,48 seconds
Processed 19200 agents... Elapsed time: 2764,39 seconds
Processed 19300 agents... Elapsed time: 2770,96 seconds
Processed 19400 agents... Elapsed time: 2778,03 seconds
Processed 19500 agents... Elapsed time: 2784,59 seconds
Processed 19600 agents... Elapsed time: 2790,91 seconds
Processed 19700 agents... Elapsed time: 2796,93 seconds
Processed 19800 agents... Elapsed time: 2802,47 seconds
Processed 19900 agents... Elapsed time: 2808,98 seconds
Processed 20000 agents... Elapsed time: 2814,12 seconds
Processed 20100 agents... Elapsed time: 2819,27 seconds
Processed 20200 agents... Elapsed time: 2823,08 seconds
Processed 20300 agents... Elapsed time: 2827,47 seconds
Processed 20400 agents... Elapsed time: 2832,19 seconds
Processed 20500 agents... Elapsed time: 2835,95 seconds
Processed 20600 agents... Elapsed time: 2840,28 seconds
Processed 20700 agents... Elapsed time: 2844,10 seconds
Processed 20800 agents... Elapsed time: 2847,04 seconds
Processed 20900 agents... Elapsed time: 2849,86 seconds
Processed 21000 agents... Elapsed time: 2853,12 seconds
Processed 21100 agents... Elapsed time: 2856,45 seconds
Processed 21200 agents... Elapsed time: 2859,13 seconds
Processed 21300 agents... Elapsed time: 2861,07 seconds
Processed 21400 agents... Elapsed time: 2863,96 seconds
Processed 21500 agents... Elapsed time: 2866,94 seconds
Processed 21600 agents... Elapsed time: 2870,06 seconds
Processed 21700 agents... Elapsed time: 2872,68 seconds
Processed 21800 agents... Elapsed time: 2875,87 seconds
Processed 21900 agents... Elapsed time: 2879,07 seconds
Processed 22000 agents... Elapsed time: 2882,79 seconds
Processed 22100 agents... Elapsed time: 2885,92 seconds
Processed 22200 agents... Elapsed time: 2889,04 seconds
Processed 22300 agents... Elapsed time: 2891,87 seconds
Processed 22400 agents... Elapsed time: 2893,66 seconds
Processed 22500 agents... Elapsed time: 2894,93 seconds
Completed: warehouse-20-40-10-2-1.map (22599 agents)

Map: warehouse-10-20-10-2-2.map
  - Map Size: 170x84
  - Free Cells: 9776
  - Occupied Cells: 4504
Processed 100 agents... Elapsed time: 5,53 seconds
Processed 200 agents... Elapsed time: 10,98 seconds
Processed 300 agents... Elapsed time: 16,40 seconds
Processed 400 agents... Elapsed time: 21,93 seconds
Processed 500 agents... Elapsed time: 27,76 seconds
Processed 600 agents... Elapsed time: 33,25 seconds
Processed 700 agents... Elapsed time: 38,60 seconds
Processed 800 agents... Elapsed time: 44,04 seconds
Processed 900 agents... Elapsed time: 49,84 seconds
Processed 1000 agents... Elapsed time: 55,41 seconds
Processed 1100 agents... Elapsed time: 60,82 seconds
Processed 1200 agents... Elapsed time: 66,22 seconds
Processed 1300 agents... Elapsed time: 71,65 seconds
Processed 1400 agents... Elapsed time: 76,81 seconds
Processed 1500 agents... Elapsed time: 82,15 seconds
Processed 1600 agents... Elapsed time: 87,54 seconds
Processed 1700 agents... Elapsed time: 92,70 seconds
Processed 1800 agents... Elapsed time: 98,01 seconds
Processed 1900 agents... Elapsed time: 103,05 seconds
Processed 2000 agents... Elapsed time: 108,34 seconds
Processed 2100 agents... Elapsed time: 113,51 seconds
Processed 2200 agents... Elapsed time: 118,69 seconds
Processed 2300 agents... Elapsed time: 123,75 seconds
Processed 2400 agents... Elapsed time: 128,82 seconds
Processed 2500 agents... Elapsed time: 133,72 seconds
Processed 2600 agents... Elapsed time: 138,74 seconds
Processed 2700 agents... Elapsed time: 144,01 seconds
Processed 2800 agents... Elapsed time: 149,07 seconds
Processed 2900 agents... Elapsed time: 154,02 seconds
Processed 3000 agents... Elapsed time: 159,08 seconds
Processed 3100 agents... Elapsed time: 164,13 seconds
Processed 3200 agents... Elapsed time: 169,10 seconds
Processed 3300 agents... Elapsed time: 174,13 seconds
Processed 3400 agents... Elapsed time: 179,04 seconds
Processed 3500 agents... Elapsed time: 183,92 seconds
Processed 3600 agents... Elapsed time: 188,81 seconds
Processed 3700 agents... Elapsed time: 193,66 seconds
Processed 3800 agents... Elapsed time: 198,50 seconds
Processed 3900 agents... Elapsed time: 203,30 seconds
Processed 4000 agents... Elapsed time: 208,11 seconds
Processed 4100 agents... Elapsed time: 212,90 seconds
Processed 4200 agents... Elapsed time: 217,70 seconds
Processed 4300 agents... Elapsed time: 222,35 seconds
Processed 4400 agents... Elapsed time: 226,94 seconds
Processed 4500 agents... Elapsed time: 231,52 seconds
Processed 4600 agents... Elapsed time: 236,05 seconds
Processed 4700 agents... Elapsed time: 240,61 seconds
Processed 4800 agents... Elapsed time: 245,04 seconds
Processed 4900 agents... Elapsed time: 249,47 seconds
Processed 5000 agents... Elapsed time: 253,85 seconds
Processed 5100 agents... Elapsed time: 258,05 seconds
Processed 5200 agents... Elapsed time: 262,24 seconds
Processed 5300 agents... Elapsed time: 266,44 seconds
Processed 5400 agents... Elapsed time: 270,41 seconds
Processed 5500 agents... Elapsed time: 274,21 seconds
Processed 5600 agents... Elapsed time: 278,03 seconds
Processed 5700 agents... Elapsed time: 281,58 seconds
Processed 5800 agents... Elapsed time: 285,20 seconds
Processed 5900 agents... Elapsed time: 288,68 seconds
Processed 6000 agents... Elapsed time: 292,13 seconds
Processed 6100 agents... Elapsed time: 295,50 seconds
Processed 6200 agents... Elapsed time: 298,92 seconds
Processed 6300 agents... Elapsed time: 302,16 seconds
Processed 6400 agents... Elapsed time: 305,20 seconds
Processed 6500 agents... Elapsed time: 308,34 seconds
Processed 6600 agents... Elapsed time: 311,44 seconds
Processed 6700 agents... Elapsed time: 314,38 seconds
Processed 6800 agents... Elapsed time: 317,33 seconds
Processed 6900 agents... Elapsed time: 320,01 seconds
Processed 7000 agents... Elapsed time: 322,73 seconds
Processed 7100 agents... Elapsed time: 325,19 seconds
Processed 7200 agents... Elapsed time: 327,81 seconds
Processed 7300 agents... Elapsed time: 330,11 seconds
Processed 7400 agents... Elapsed time: 332,31 seconds
Processed 7500 agents... Elapsed time: 334,65 seconds
Processed 7600 agents... Elapsed time: 336,90 seconds
Processed 7700 agents... Elapsed time: 339,02 seconds
Processed 7800 agents... Elapsed time: 340,84 seconds
Processed 7900 agents... Elapsed time: 342,68 seconds
Processed 8000 agents... Elapsed time: 344,48 seconds
Processed 8100 agents... Elapsed time: 346,25 seconds
Processed 8200 agents... Elapsed time: 347,70 seconds
Processed 8300 agents... Elapsed time: 349,55 seconds
Processed 8400 agents... Elapsed time: 351,09 seconds
Processed 8500 agents... Elapsed time: 352,66 seconds
Processed 8600 agents... Elapsed time: 354,20 seconds
Processed 8700 agents... Elapsed time: 355,26 seconds
Processed 8800 agents... Elapsed time: 356,71 seconds
Processed 8900 agents... Elapsed time: 357,94 seconds
Processed 9000 agents... Elapsed time: 359,41 seconds
Processed 9100 agents... Elapsed time: 360,80 seconds
Processed 9200 agents... Elapsed time: 361,85 seconds
Processed 9300 agents... Elapsed time: 362,61 seconds
Processed 9400 agents... Elapsed time: 363,54 seconds
Processed 9500 agents... Elapsed time: 364,92 seconds
Processed 9600 agents... Elapsed time: 366,40 seconds
Processed 9700 agents... Elapsed time: 367,41 seconds
Completed: warehouse-10-20-10-2-2.map (9776 agents)

Map: warehouse-10-20-10-2-1.map
  - Map Size: 161x63
  - Free Cells: 5699
  - Occupied Cells: 4444
Processed 100 agents... Elapsed time: 3,00 seconds
Processed 200 agents... Elapsed time: 5,92 seconds
Processed 300 agents... Elapsed time: 8,79 seconds
Processed 400 agents... Elapsed time: 11,65 seconds
Processed 500 agents... Elapsed time: 14,41 seconds
Processed 600 agents... Elapsed time: 17,12 seconds
Processed 700 agents... Elapsed time: 19,79 seconds
Processed 800 agents... Elapsed time: 22,41 seconds
Processed 900 agents... Elapsed time: 24,98 seconds
Processed 1000 agents... Elapsed time: 27,51 seconds
Processed 1100 agents... Elapsed time: 30,00 seconds
Processed 1200 agents... Elapsed time: 32,52 seconds
Processed 1300 agents... Elapsed time: 34,92 seconds
Processed 1400 agents... Elapsed time: 37,26 seconds
Processed 1500 agents... Elapsed time: 39,67 seconds
Processed 1600 agents... Elapsed time: 42,06 seconds
Processed 1700 agents... Elapsed time: 44,37 seconds
Processed 1800 agents... Elapsed time: 46,72 seconds
Processed 1900 agents... Elapsed time: 49,04 seconds
Processed 2000 agents... Elapsed time: 51,33 seconds
Processed 2100 agents... Elapsed time: 53,63 seconds
Processed 2200 agents... Elapsed time: 55,85 seconds
Processed 2300 agents... Elapsed time: 57,97 seconds
Processed 2400 agents... Elapsed time: 60,15 seconds
Processed 2500 agents... Elapsed time: 62,20 seconds
Processed 2600 agents... Elapsed time: 64,23 seconds
Processed 2700 agents... Elapsed time: 66,19 seconds
Processed 2800 agents... Elapsed time: 68,07 seconds
Processed 2900 agents... Elapsed time: 69,91 seconds
Processed 3000 agents... Elapsed time: 71,69 seconds
Processed 3100 agents... Elapsed time: 73,35 seconds
Processed 3200 agents... Elapsed time: 74,90 seconds
Processed 3300 agents... Elapsed time: 76,47 seconds
Processed 3400 agents... Elapsed time: 77,85 seconds
Processed 3500 agents... Elapsed time: 79,33 seconds
Processed 3600 agents... Elapsed time: 80,76 seconds
Processed 3700 agents... Elapsed time: 82,12 seconds
Processed 3800 agents... Elapsed time: 83,35 seconds
Processed 3900 agents... Elapsed time: 84,58 seconds
Processed 4000 agents... Elapsed time: 85,80 seconds
Processed 4100 agents... Elapsed time: 87,02 seconds
Processed 4200 agents... Elapsed time: 87,94 seconds
Processed 4300 agents... Elapsed time: 88,83 seconds
Processed 4400 agents... Elapsed time: 89,66 seconds
Processed 4500 agents... Elapsed time: 90,49 seconds
Processed 4600 agents... Elapsed time: 91,22 seconds
Processed 4700 agents... Elapsed time: 91,99 seconds
Processed 4800 agents... Elapsed time: 92,75 seconds
Processed 4900 agents... Elapsed time: 93,43 seconds
Processed 5000 agents... Elapsed time: 94,18 seconds
Processed 5100 agents... Elapsed time: 94,88 seconds
Processed 5200 agents... Elapsed time: 95,60 seconds
Processed 5300 agents... Elapsed time: 96,17 seconds
Processed 5400 agents... Elapsed time: 96,94 seconds
Processed 5500 agents... Elapsed time: 97,68 seconds
Processed 5600 agents... Elapsed time: 98,40 seconds
Completed: warehouse-10-20-10-2-1.map (5699 agents)

Map: warehouse-20-40-10-2-2.map
  - Map Size: 340x164
  - Free Cells: 38756
  - Occupied Cells: 17004
Processed 100 agents... Elapsed time: 24,97 seconds
Processed 200 agents... Elapsed time: 53,21 seconds
Processed 300 agents... Elapsed time: 81,72 seconds
Processed 400 agents... Elapsed time: 109,88 seconds
Processed 500 agents... Elapsed time: 137,73 seconds
Processed 600 agents... Elapsed time: 165,67 seconds
Processed 700 agents... Elapsed time: 193,63 seconds
Processed 800 agents... Elapsed time: 221,68 seconds
Processed 900 agents... Elapsed time: 250,06 seconds
Processed 1000 agents... Elapsed time: 278,59 seconds
Processed 1100 agents... Elapsed time: 306,92 seconds
Processed 1200 agents... Elapsed time: 336,06 seconds
Processed 1300 agents... Elapsed time: 364,60 seconds
Processed 1400 agents... Elapsed time: 392,92 seconds
Processed 1500 agents... Elapsed time: 421,22 seconds
Processed 1600 agents... Elapsed time: 449,50 seconds
Processed 1700 agents... Elapsed time: 477,69 seconds
Processed 1800 agents... Elapsed time: 505,99 seconds
Processed 1900 agents... Elapsed time: 534,39 seconds
Processed 2000 agents... Elapsed time: 562,74 seconds
Processed 2100 agents... Elapsed time: 591,15 seconds
Processed 2200 agents... Elapsed time: 619,65 seconds
Processed 2300 agents... Elapsed time: 648,72 seconds
Processed 2400 agents... Elapsed time: 677,48 seconds
Processed 2500 agents... Elapsed time: 706,41 seconds
Processed 2600 agents... Elapsed time: 735,25 seconds
Processed 2700 agents... Elapsed time: 764,06 seconds
Processed 2800 agents... Elapsed time: 793,22 seconds
Processed 2900 agents... Elapsed time: 822,34 seconds
Processed 3000 agents... Elapsed time: 851,56 seconds
Processed 3100 agents... Elapsed time: 880,90 seconds
Processed 3200 agents... Elapsed time: 910,45 seconds
Processed 3300 agents... Elapsed time: 940,26 seconds
Processed 3400 agents... Elapsed time: 970,17 seconds
Processed 3500 agents... Elapsed time: 1000,12 seconds
Processed 3600 agents... Elapsed time: 1030,28 seconds
Processed 3700 agents... Elapsed time: 1060,53 seconds
Processed 3800 agents... Elapsed time: 1090,68 seconds
Processed 3900 agents... Elapsed time: 1121,09 seconds
Processed 4000 agents... Elapsed time: 1151,68 seconds
Processed 4100 agents... Elapsed time: 1182,50 seconds
Processed 4200 agents... Elapsed time: 1213,35 seconds
Processed 4300 agents... Elapsed time: 1244,30 seconds
Processed 4400 agents... Elapsed time: 1275,44 seconds
Processed 4500 agents... Elapsed time: 1306,39 seconds
Processed 4600 agents... Elapsed time: 1337,58 seconds
Processed 4700 agents... Elapsed time: 1368,94 seconds
Processed 4800 agents... Elapsed time: 1400,36 seconds
Processed 4900 agents... Elapsed time: 1431,64 seconds
Processed 5000 agents... Elapsed time: 1463,20 seconds
Processed 5100 agents... Elapsed time: 1494,98 seconds
Processed 5200 agents... Elapsed time: 1527,05 seconds
Processed 5300 agents... Elapsed time: 1559,36 seconds
Processed 5400 agents... Elapsed time: 1591,44 seconds
Processed 5500 agents... Elapsed time: 1623,27 seconds
Processed 5600 agents... Elapsed time: 1655,03 seconds
Processed 5700 agents... Elapsed time: 1687,18 seconds
Processed 5800 agents... Elapsed time: 1719,89 seconds
Processed 5900 agents... Elapsed time: 1753,25 seconds
Processed 6000 agents... Elapsed time: 1786,40 seconds
Processed 6100 agents... Elapsed time: 1819,30 seconds
Processed 6200 agents... Elapsed time: 1852,27 seconds
Processed 6300 agents... Elapsed time: 1885,33 seconds
Processed 6400 agents... Elapsed time: 1918,55 seconds
Processed 6500 agents... Elapsed time: 1952,12 seconds
Processed 6600 agents... Elapsed time: 1985,88 seconds
Processed 6700 agents... Elapsed time: 2019,87 seconds
Processed 6800 agents... Elapsed time: 2054,11 seconds
Processed 6900 agents... Elapsed time: 2089,06 seconds
Processed 7000 agents... Elapsed time: 2125,98 seconds
Processed 7100 agents... Elapsed time: 2161,75 seconds
Processed 7200 agents... Elapsed time: 2198,49 seconds
Processed 7300 agents... Elapsed time: 2235,05 seconds
Processed 7400 agents... Elapsed time: 2270,20 seconds
Processed 7500 agents... Elapsed time: 2305,37 seconds
Processed 7600 agents... Elapsed time: 2340,75 seconds
Processed 7700 agents... Elapsed time: 2375,77 seconds
Processed 7800 agents... Elapsed time: 2411,40 seconds
Processed 7900 agents... Elapsed time: 2446,79 seconds
Processed 8000 agents... Elapsed time: 2483,02 seconds
Processed 8100 agents... Elapsed time: 2519,23 seconds
Processed 8200 agents... Elapsed time: 2556,13 seconds
Processed 8300 agents... Elapsed time: 2592,95 seconds
Processed 8400 agents... Elapsed time: 2631,23 seconds
Processed 8500 agents... Elapsed time: 2669,85 seconds
Processed 8600 agents... Elapsed time: 2707,28 seconds
Processed 8700 agents... Elapsed time: 2745,00 seconds
Processed 8800 agents... Elapsed time: 2782,95 seconds
Processed 8900 agents... Elapsed time: 2821,05 seconds
Processed 9000 agents... Elapsed time: 2859,35 seconds
Processed 9100 agents... Elapsed time: 2898,28 seconds
Processed 9200 agents... Elapsed time: 2937,72 seconds
